<?xml version="1.0" encoding="UTF-8"?>
<coverage generated="1549898402424" clover="3.2.0">
  <project timestamp="1549898402424" name="All files">
    <metrics statements="49" coveredstatements="49" conditionals="25" coveredconditionals="22" methods="21" coveredmethods="21" elements="95" coveredelements="92" complexity="0" loc="49" ncloc="49" packages="1" files="1" classes="1"/>
    <file name="index.js" path="/home/dosseh/WEB-jsbasics-lab/src/index.js">
      <metrics statements="49" coveredstatements="49" conditionals="25" coveredconditionals="22" methods="21" coveredmethods="21"/>
      <line num="6" count="1" type="stmt"/>
      <line num="7" count="5" type="stmt"/>
      <line num="16" count="1" type="stmt"/>
      <line num="17" count="5" type="cond" truecount="2" falsecount="0"/>
      <line num="18" count="1" type="stmt"/>
      <line num="27" count="1" type="stmt"/>
      <line num="28" count="14" type="stmt"/>
      <line num="36" count="1" type="stmt"/>
      <line num="37" count="6" type="stmt"/>
      <line num="47" count="1" type="stmt"/>
      <line num="48" count="4" type="stmt"/>
      <line num="55" count="1" type="stmt"/>
      <line num="57" count="17" type="stmt"/>
      <line num="59" count="39" type="cond" truecount="4" falsecount="0"/>
      <line num="82" count="1" type="stmt"/>
      <line num="83" count="4" type="stmt"/>
      <line num="84" count="12" type="stmt"/>
      <line num="85" count="29" type="cond" truecount="2" falsecount="0"/>
      <line num="87" count="12" type="stmt"/>
      <line num="105" count="1" type="stmt"/>
      <line num="106" count="17" type="stmt"/>
      <line num="107" count="17" type="stmt"/>
      <line num="109" count="31" type="cond" truecount="2" falsecount="0"/>
      <line num="110" count="13" type="stmt"/>
      <line num="111" count="19" type="stmt"/>
      <line num="115" count="18" type="stmt"/>
      <line num="117" count="17" type="stmt"/>
      <line num="134" count="1" type="stmt"/>
      <line num="135" count="13" type="cond" truecount="2" falsecount="0"/>
      <line num="136" count="10" type="cond" truecount="2" falsecount="0"/>
      <line num="138" count="3" type="stmt"/>
      <line num="140" count="9" type="stmt"/>
      <line num="141" count="18" type="stmt"/>
      <line num="156" count="3" type="stmt"/>
      <line num="171" count="1" type="cond" truecount="0" falsecount="2"/>
      <line num="172" count="4" type="stmt"/>
      <line num="173" count="4" type="cond" truecount="2" falsecount="0"/>
      <line num="174" count="3" type="stmt"/>
      <line num="175" count="6" type="cond" truecount="1" falsecount="1"/>
      <line num="176" count="6" type="cond" truecount="2" falsecount="0"/>
      <line num="177" count="4" type="cond" truecount="2" falsecount="0"/>
      <line num="178" count="2" type="stmt"/>
      <line num="181" count="1" type="stmt"/>
      <line num="182" count="4" type="stmt"/>
      <line num="192" count="1" type="cond" truecount="1" falsecount="0"/>
      <line num="193" count="15" type="stmt"/>
      <line num="194" count="5" type="stmt"/>
      <line num="195" count="5" type="stmt"/>
      <line num="197" count="5" type="stmt"/>
    </file>
  </project>
</coverage>
