{"/home/dosseh/WEB-jsbasics-lab/src/index.js": {"path":"/home/dosseh/WEB-jsbasics-lab/src/index.js","statementMap":{"0":{"start":{"line":6,"column":28},"end":{"line":8,"column":1}},"1":{"start":{"line":7,"column":2},"end":{"line":7,"column":21}},"2":{"start":{"line":16,"column":32},"end":{"line":19,"column":1}},"3":{"start":{"line":17,"column":0},"end":{"line":17,"column":55}},"4":{"start":{"line":17,"column":27},"end":{"line":17,"column":55}},"5":{"start":{"line":18,"column":0},"end":{"line":18,"column":13}},"6":{"start":{"line":27,"column":29},"end":{"line":29,"column":1}},"7":{"start":{"line":28,"column":0},"end":{"line":28,"column":105}},"8":{"start":{"line":28,"column":30},"end":{"line":28,"column":53}},"9":{"start":{"line":28,"column":71},"end":{"line":28,"column":90}},"10":{"start":{"line":36,"column":29},"end":{"line":38,"column":1}},"11":{"start":{"line":37,"column":0},"end":{"line":37,"column":40}},"12":{"start":{"line":47,"column":28},"end":{"line":49,"column":1}},"13":{"start":{"line":48,"column":1},"end":{"line":48,"column":65}},"14":{"start":{"line":55,"column":25},"end":{"line":62,"column":1}},"15":{"start":{"line":57,"column":0},"end":{"line":61,"column":2}},"16":{"start":{"line":59,"column":2},"end":{"line":59,"column":114}},"17":{"start":{"line":82,"column":24},"end":{"line":91,"column":1}},"18":{"start":{"line":83,"column":0},"end":{"line":90,"column":3}},"19":{"start":{"line":84,"column":2},"end":{"line":89,"column":5}},"20":{"start":{"line":85,"column":5},"end":{"line":88,"column":6}},"21":{"start":{"line":87,"column":6},"end":{"line":87,"column":55}},"22":{"start":{"line":105,"column":31},"end":{"line":118,"column":1}},"23":{"start":{"line":106,"column":19},"end":{"line":106,"column":21}},"24":{"start":{"line":107,"column":0},"end":{"line":116,"column":1}},"25":{"start":{"line":107,"column":12},"end":{"line":107,"column":13}},"26":{"start":{"line":109,"column":0},"end":{"line":115,"column":44}},"27":{"start":{"line":110,"column":1},"end":{"line":113,"column":3}},"28":{"start":{"line":111,"column":2},"end":{"line":111,"column":75}},"29":{"start":{"line":115,"column":1},"end":{"line":115,"column":44}},"30":{"start":{"line":117,"column":0},"end":{"line":117,"column":20}},"31":{"start":{"line":134,"column":28},"end":{"line":148,"column":1}},"32":{"start":{"line":135,"column":0},"end":{"line":137,"column":1}},"33":{"start":{"line":136,"column":2},"end":{"line":136,"column":58}},"34":{"start":{"line":138,"column":0},"end":{"line":147,"column":2}},"35":{"start":{"line":140,"column":4},"end":{"line":145,"column":5}},"36":{"start":{"line":141,"column":73},"end":{"line":144,"column":7}},"37":{"start":{"line":156,"column":27},"end":{"line":156,"column":77}},"38":{"start":{"line":156,"column":34},"end":{"line":156,"column":77}},"39":{"start":{"line":171,"column":24},"end":{"line":183,"column":1}},"40":{"start":{"line":172,"column":19},"end":{"line":172,"column":21}},"41":{"start":{"line":173,"column":0},"end":{"line":181,"column":25}},"42":{"start":{"line":174,"column":0},"end":{"line":179,"column":1}},"43":{"start":{"line":174,"column":12},"end":{"line":174,"column":13}},"44":{"start":{"line":175,"column":2},"end":{"line":178,"column":41}},"45":{"start":{"line":175,"column":34},"end":{"line":175,"column":57}},"46":{"start":{"line":176,"column":7},"end":{"line":178,"column":41}},"47":{"start":{"line":176,"column":40},"end":{"line":176,"column":68}},"48":{"start":{"line":177,"column":7},"end":{"line":178,"column":41}},"49":{"start":{"line":177,"column":40},"end":{"line":177,"column":66}},"50":{"start":{"line":178,"column":7},"end":{"line":178,"column":41}},"51":{"start":{"line":181,"column":5},"end":{"line":181,"column":25}},"52":{"start":{"line":182,"column":0},"end":{"line":182,"column":20}},"53":{"start":{"line":192,"column":20},"end":{"line":198,"column":1}},"54":{"start":{"line":193,"column":15},"end":{"line":193,"column":53}},"55":{"start":{"line":193,"column":31},"end":{"line":193,"column":52}},"56":{"start":{"line":194,"column":2},"end":{"line":194,"column":16}},"57":{"start":{"line":195,"column":2},"end":{"line":195,"column":58}},"58":{"start":{"line":197,"column":2},"end":{"line":197,"column":16}}},"fnMap":{"0":{"name":"(anonymous_0)","decl":{"start":{"line":6,"column":28},"end":{"line":6,"column":29}},"loc":{"start":{"line":6,"column":33},"end":{"line":8,"column":1}},"line":6},"1":{"name":"(anonymous_1)","decl":{"start":{"line":16,"column":32},"end":{"line":16,"column":33}},"loc":{"start":{"line":16,"column":39},"end":{"line":19,"column":1}},"line":16},"2":{"name":"(anonymous_2)","decl":{"start":{"line":27,"column":29},"end":{"line":27,"column":30}},"loc":{"start":{"line":27,"column":36},"end":{"line":29,"column":1}},"line":27},"3":{"name":"(anonymous_3)","decl":{"start":{"line":28,"column":23},"end":{"line":28,"column":24}},"loc":{"start":{"line":28,"column":30},"end":{"line":28,"column":53}},"line":28},"4":{"name":"(anonymous_4)","decl":{"start":{"line":28,"column":61},"end":{"line":28,"column":62}},"loc":{"start":{"line":28,"column":71},"end":{"line":28,"column":90}},"line":28},"5":{"name":"(anonymous_5)","decl":{"start":{"line":36,"column":29},"end":{"line":36,"column":30}},"loc":{"start":{"line":36,"column":36},"end":{"line":38,"column":1}},"line":36},"6":{"name":"(anonymous_6)","decl":{"start":{"line":47,"column":28},"end":{"line":47,"column":29}},"loc":{"start":{"line":47,"column":35},"end":{"line":49,"column":1}},"line":47},"7":{"name":"(anonymous_7)","decl":{"start":{"line":55,"column":25},"end":{"line":55,"column":26}},"loc":{"start":{"line":55,"column":32},"end":{"line":62,"column":1}},"line":55},"8":{"name":"(anonymous_8)","decl":{"start":{"line":58,"column":2},"end":{"line":58,"column":3}},"loc":{"start":{"line":58,"column":30},"end":{"line":60,"column":1}},"line":58},"9":{"name":"(anonymous_9)","decl":{"start":{"line":82,"column":24},"end":{"line":82,"column":25}},"loc":{"start":{"line":82,"column":42},"end":{"line":91,"column":1}},"line":82},"10":{"name":"(anonymous_10)","decl":{"start":{"line":83,"column":13},"end":{"line":83,"column":14}},"loc":{"start":{"line":83,"column":45},"end":{"line":90,"column":1}},"line":83},"11":{"name":"(anonymous_11)","decl":{"start":{"line":84,"column":14},"end":{"line":84,"column":15}},"loc":{"start":{"line":84,"column":46},"end":{"line":89,"column":3}},"line":84},"12":{"name":"(anonymous_12)","decl":{"start":{"line":105,"column":31},"end":{"line":105,"column":32}},"loc":{"start":{"line":105,"column":38},"end":{"line":118,"column":1}},"line":105},"13":{"name":"(anonymous_13)","decl":{"start":{"line":110,"column":33},"end":{"line":110,"column":34}},"loc":{"start":{"line":110,"column":80},"end":{"line":113,"column":1}},"line":110},"14":{"name":"(anonymous_14)","decl":{"start":{"line":134,"column":28},"end":{"line":134,"column":29}},"loc":{"start":{"line":134,"column":35},"end":{"line":148,"column":1}},"line":134},"15":{"name":"(anonymous_15)","decl":{"start":{"line":139,"column":2},"end":{"line":139,"column":3}},"loc":{"start":{"line":140,"column":4},"end":{"line":145,"column":5}},"line":140},"16":{"name":"(anonymous_16)","decl":{"start":{"line":141,"column":66},"end":{"line":141,"column":67}},"loc":{"start":{"line":141,"column":73},"end":{"line":144,"column":7}},"line":141},"17":{"name":"(anonymous_17)","decl":{"start":{"line":156,"column":27},"end":{"line":156,"column":28}},"loc":{"start":{"line":156,"column":34},"end":{"line":156,"column":77}},"line":156},"18":{"name":"(anonymous_18)","decl":{"start":{"line":171,"column":24},"end":{"line":171,"column":25}},"loc":{"start":{"line":171,"column":70},"end":{"line":183,"column":1}},"line":171},"19":{"name":"(anonymous_19)","decl":{"start":{"line":192,"column":20},"end":{"line":192,"column":21}},"loc":{"start":{"line":192,"column":36},"end":{"line":198,"column":1}},"line":192},"20":{"name":"(anonymous_20)","decl":{"start":{"line":193,"column":26},"end":{"line":193,"column":27}},"loc":{"start":{"line":193,"column":31},"end":{"line":193,"column":52}},"line":193}},"branchMap":{"0":{"loc":{"start":{"line":17,"column":0},"end":{"line":17,"column":55}},"type":"if","locations":[{"start":{"line":17,"column":0},"end":{"line":17,"column":55}},{"start":{"line":17,"column":0},"end":{"line":17,"column":55}}],"line":17},"1":{"loc":{"start":{"line":59,"column":21},"end":{"line":59,"column":112}},"type":"cond-expr","locations":[{"start":{"line":59,"column":51},"end":{"line":59,"column":69}},{"start":{"line":59,"column":72},"end":{"line":59,"column":112}}],"line":59},"2":{"loc":{"start":{"line":59,"column":74},"end":{"line":59,"column":111}},"type":"cond-expr","locations":[{"start":{"line":59,"column":100},"end":{"line":59,"column":107}},{"start":{"line":59,"column":110},"end":{"line":59,"column":111}}],"line":59},"3":{"loc":{"start":{"line":85,"column":5},"end":{"line":88,"column":6}},"type":"if","locations":[{"start":{"line":85,"column":5},"end":{"line":88,"column":6}},{"start":{"line":85,"column":5},"end":{"line":88,"column":6}}],"line":85},"4":{"loc":{"start":{"line":109,"column":0},"end":{"line":115,"column":44}},"type":"if","locations":[{"start":{"line":109,"column":0},"end":{"line":115,"column":44}},{"start":{"line":109,"column":0},"end":{"line":115,"column":44}}],"line":109},"5":{"loc":{"start":{"line":135,"column":0},"end":{"line":137,"column":1}},"type":"if","locations":[{"start":{"line":135,"column":0},"end":{"line":137,"column":1}},{"start":{"line":135,"column":0},"end":{"line":137,"column":1}}],"line":135},"6":{"loc":{"start":{"line":136,"column":9},"end":{"line":136,"column":57}},"type":"cond-expr","locations":[{"start":{"line":136,"column":28},"end":{"line":136,"column":51}},{"start":{"line":136,"column":54},"end":{"line":136,"column":57}}],"line":136},"7":{"loc":{"start":{"line":171,"column":30},"end":{"line":171,"column":47}},"type":"default-arg","locations":[{"start":{"line":171,"column":43},"end":{"line":171,"column":47}}],"line":171},"8":{"loc":{"start":{"line":171,"column":49},"end":{"line":171,"column":65}},"type":"default-arg","locations":[{"start":{"line":171,"column":55},"end":{"line":171,"column":65}}],"line":171},"9":{"loc":{"start":{"line":173,"column":0},"end":{"line":181,"column":25}},"type":"if","locations":[{"start":{"line":173,"column":0},"end":{"line":181,"column":25}},{"start":{"line":173,"column":0},"end":{"line":181,"column":25}}],"line":173},"10":{"loc":{"start":{"line":175,"column":2},"end":{"line":178,"column":41}},"type":"if","locations":[{"start":{"line":175,"column":2},"end":{"line":178,"column":41}},{"start":{"line":175,"column":2},"end":{"line":178,"column":41}}],"line":175},"11":{"loc":{"start":{"line":176,"column":7},"end":{"line":178,"column":41}},"type":"if","locations":[{"start":{"line":176,"column":7},"end":{"line":178,"column":41}},{"start":{"line":176,"column":7},"end":{"line":178,"column":41}}],"line":176},"12":{"loc":{"start":{"line":177,"column":7},"end":{"line":178,"column":41}},"type":"if","locations":[{"start":{"line":177,"column":7},"end":{"line":178,"column":41}},{"start":{"line":177,"column":7},"end":{"line":178,"column":41}}],"line":177},"13":{"loc":{"start":{"line":192,"column":26},"end":{"line":192,"column":31}},"type":"default-arg","locations":[{"start":{"line":192,"column":30},"end":{"line":192,"column":31}}],"line":192}},"s":{"0":1,"1":5,"2":1,"3":5,"4":4,"5":1,"6":1,"7":5,"8":14,"9":6,"10":1,"11":6,"12":1,"13":4,"14":1,"15":17,"16":39,"17":1,"18":4,"19":12,"20":29,"21":12,"22":1,"23":17,"24":17,"25":17,"26":31,"27":13,"28":19,"29":18,"30":17,"31":1,"32":13,"33":10,"34":3,"35":9,"36":18,"37":1,"38":3,"39":1,"40":4,"41":4,"42":3,"43":3,"44":6,"45":0,"46":6,"47":2,"48":4,"49":2,"50":2,"51":1,"52":4,"53":1,"54":5,"55":15,"56":5,"57":5,"58":5},"f":{"0":5,"1":5,"2":5,"3":14,"4":6,"5":6,"6":4,"7":17,"8":39,"9":4,"10":12,"11":29,"12":17,"13":19,"14":13,"15":9,"16":18,"17":3,"18":4,"19":5,"20":15},"b":{"0":[4,1],"1":[11,28],"2":[15,13],"3":[12,17],"4":[13,18],"5":[10,3],"6":[9,1],"7":[0],"8":[0],"9":[3,1],"10":[0,6],"11":[2,4],"12":[2,2],"13":[1]},"_coverageSchema":"43e27e138ebf9cfc5966b082cf9a028302ed4184","hash":"dbecccc41ec156770a69cbe467741bc165e02a85"}
}
