TN:
SF:/home/dosseh/WEB-jsbasics-lab/src/index.js
FN:6,(anonymous_0)
FN:16,(anonymous_1)
FN:27,(anonymous_2)
FN:28,(anonymous_3)
FN:28,(anonymous_4)
FN:36,(anonymous_5)
FN:47,(anonymous_6)
FN:55,(anonymous_7)
FN:58,(anonymous_8)
FN:82,(anonymous_9)
FN:83,(anonymous_10)
FN:84,(anonymous_11)
FN:105,(anonymous_12)
FN:110,(anonymous_13)
FN:134,(anonymous_14)
FN:139,(anonymous_15)
FN:141,(anonymous_16)
FN:156,(anonymous_17)
FN:171,(anonymous_18)
FN:192,(anonymous_19)
FN:193,(anonymous_20)
FNF:21
FNH:21
FNDA:5,(anonymous_0)
FNDA:5,(anonymous_1)
FNDA:5,(anonymous_2)
FNDA:14,(anonymous_3)
FNDA:6,(anonymous_4)
FNDA:6,(anonymous_5)
FNDA:4,(anonymous_6)
FNDA:17,(anonymous_7)
FNDA:39,(anonymous_8)
FNDA:4,(anonymous_9)
FNDA:12,(anonymous_10)
FNDA:29,(anonymous_11)
FNDA:17,(anonymous_12)
FNDA:19,(anonymous_13)
FNDA:13,(anonymous_14)
FNDA:9,(anonymous_15)
FNDA:18,(anonymous_16)
FNDA:3,(anonymous_17)
FNDA:4,(anonymous_18)
FNDA:5,(anonymous_19)
FNDA:15,(anonymous_20)
DA:6,1
DA:7,5
DA:16,1
DA:17,5
DA:18,1
DA:27,1
DA:28,14
DA:36,1
DA:37,6
DA:47,1
DA:48,4
DA:55,1
DA:57,17
DA:59,39
DA:82,1
DA:83,4
DA:84,12
DA:85,29
DA:87,12
DA:105,1
DA:106,17
DA:107,17
DA:109,31
DA:110,13
DA:111,19
DA:115,18
DA:117,17
DA:134,1
DA:135,13
DA:136,10
DA:138,3
DA:140,9
DA:141,18
DA:156,3
DA:171,1
DA:172,4
DA:173,4
DA:174,3
DA:175,6
DA:176,6
DA:177,4
DA:178,2
DA:181,1
DA:182,4
DA:192,1
DA:193,15
DA:194,5
DA:195,5
DA:197,5
LF:49
LH:49
BRDA:17,0,0,4
BRDA:17,0,1,1
BRDA:59,1,0,11
BRDA:59,1,1,28
BRDA:59,2,0,15
BRDA:59,2,1,13
BRDA:85,3,0,12
BRDA:85,3,1,17
BRDA:109,4,0,13
BRDA:109,4,1,18
BRDA:135,5,0,10
BRDA:135,5,1,3
BRDA:136,6,0,9
BRDA:136,6,1,1
BRDA:171,7,0,0
BRDA:171,8,0,0
BRDA:173,9,0,3
BRDA:173,9,1,1
BRDA:175,10,0,0
BRDA:175,10,1,6
BRDA:176,11,0,2
BRDA:176,11,1,4
BRDA:177,12,0,2
BRDA:177,12,1,2
BRDA:192,13,0,1
BRF:25
BRH:22
end_of_record
